[35m[1mScanning dependencies of target diagnostic_msgs_generate_messages_eus[0m
[  0%] Built target diagnostic_msgs_generate_messages_eus
[35m[1mScanning dependencies of target _realsense2_camera_generate_messages_check_deps_Extrinsics[0m
[  0%] Built target _realsense2_camera_generate_messages_check_deps_Extrinsics
[35m[1mScanning dependencies of target _realsense2_camera_generate_messages_check_deps_IMUInfo[0m
[  0%] Built target _realsense2_camera_generate_messages_check_deps_IMUInfo
[35m[1mScanning dependencies of target std_msgs_generate_messages_cpp[0m
[  0%] Built target std_msgs_generate_messages_cpp
[35m[1mScanning dependencies of target sensor_msgs_generate_messages_cpp[0m
[  0%] Built target sensor_msgs_generate_messages_cpp
[35m[1mScanning dependencies of target rosgraph_msgs_generate_messages_lisp[0m
[  0%] Built target rosgraph_msgs_generate_messages_lisp
[35m[1mScanning dependencies of target geometry_msgs_generate_messages_eus[0m
[  0%] Built target geometry_msgs_generate_messages_eus
[35m[1mScanning dependencies of target actionlib_msgs_generate_messages_py[0m
[  0%] Built target actionlib_msgs_generate_messages_py
[35m[1mScanning dependencies of target actionlib_msgs_generate_messages_lisp[0m
[  0%] Built target actionlib_msgs_generate_messages_lisp
[35m[1mScanning dependencies of target nodelet_generate_messages_lisp[0m
[  0%] Built target nodelet_generate_messages_lisp
[35m[1mScanning dependencies of target rosgraph_msgs_generate_messages_eus[0m
[  0%] Built target rosgraph_msgs_generate_messages_eus
[35m[1mScanning dependencies of target std_msgs_generate_messages_nodejs[0m
[  0%] Built target std_msgs_generate_messages_nodejs
[35m[1mScanning dependencies of target bond_generate_messages_lisp[0m
[  0%] Built target bond_generate_messages_lisp
[35m[1mScanning dependencies of target roscpp_generate_messages_nodejs[0m
[  0%] Built target roscpp_generate_messages_nodejs
[35m[1mScanning dependencies of target std_msgs_generate_messages_lisp[0m
[  0%] Built target std_msgs_generate_messages_lisp
[35m[1mScanning dependencies of target roscpp_generate_messages_eus[0m
[  0%] Built target roscpp_generate_messages_eus
[35m[1mScanning dependencies of target actionlib_msgs_generate_messages_eus[0m
[  0%] Built target actionlib_msgs_generate_messages_eus
[35m[1mScanning dependencies of target rosgraph_msgs_generate_messages_py[0m
[  0%] Built target rosgraph_msgs_generate_messages_py
[35m[1mScanning dependencies of target rosgraph_msgs_generate_messages_nodejs[0m
[  0%] Built target rosgraph_msgs_generate_messages_nodejs
[35m[1mScanning dependencies of target actionlib_msgs_generate_messages_nodejs[0m
[  0%] Built target actionlib_msgs_generate_messages_nodejs
[35m[1mScanning dependencies of target std_msgs_generate_messages_eus[0m
[  0%] Built target std_msgs_generate_messages_eus
[35m[1mScanning dependencies of target rosgraph_msgs_generate_messages_cpp[0m
[  0%] Built target rosgraph_msgs_generate_messages_cpp
[35m[1mScanning dependencies of target _catkin_empty_exported_target[0m
[  0%] Built target _catkin_empty_exported_target
[35m[1mScanning dependencies of target sensor_msgs_generate_messages_eus[0m
[  0%] Built target sensor_msgs_generate_messages_eus
[35m[1mScanning dependencies of target roscpp_generate_messages_py[0m
[  0%] Built target roscpp_generate_messages_py
[35m[1mScanning dependencies of target roscpp_generate_messages_cpp[0m
[  0%] Built target roscpp_generate_messages_cpp
[35m[1mScanning dependencies of target sensor_msgs_generate_messages_nodejs[0m
[  0%] Built target sensor_msgs_generate_messages_nodejs
[35m[1mScanning dependencies of target actionlib_generate_messages_cpp[0m
[  0%] Built target actionlib_generate_messages_cpp
[35m[1mScanning dependencies of target geometry_msgs_generate_messages_nodejs[0m
[  0%] Built target geometry_msgs_generate_messages_nodejs
[35m[1mScanning dependencies of target geometry_msgs_generate_messages_lisp[0m
[  0%] Built target geometry_msgs_generate_messages_lisp
[35m[1mScanning dependencies of target sensor_msgs_generate_messages_lisp[0m
[  0%] Built target sensor_msgs_generate_messages_lisp
[35m[1mScanning dependencies of target nav_msgs_generate_messages_cpp[0m
[  0%] Built target nav_msgs_generate_messages_cpp
[35m[1mScanning dependencies of target roscpp_generate_messages_lisp[0m
[  0%] Built target roscpp_generate_messages_lisp
[35m[1mScanning dependencies of target bond_generate_messages_eus[0m
[  0%] Built target bond_generate_messages_eus
[35m[1mScanning dependencies of target nav_msgs_generate_messages_lisp[0m
[  0%] Built target nav_msgs_generate_messages_lisp
[35m[1mScanning dependencies of target nav_msgs_generate_messages_nodejs[0m
[  0%] Built target nav_msgs_generate_messages_nodejs
[35m[1mScanning dependencies of target std_msgs_generate_messages_py[0m
[  0%] Built target std_msgs_generate_messages_py
[35m[1mScanning dependencies of target geometry_msgs_generate_messages_py[0m
[  0%] Built target geometry_msgs_generate_messages_py
[35m[1mScanning dependencies of target nodelet_generate_messages_py[0m
[  0%] Built target nodelet_generate_messages_py
[35m[1mScanning dependencies of target sensor_msgs_generate_messages_py[0m
[  0%] Built target sensor_msgs_generate_messages_py
[35m[1mScanning dependencies of target dynamic_reconfigure_generate_messages_cpp[0m
[  0%] Built target dynamic_reconfigure_generate_messages_cpp
[35m[1mScanning dependencies of target tf_generate_messages_py[0m
[  0%] Built target tf_generate_messages_py
[35m[1mScanning dependencies of target nodelet_generate_messages_cpp[0m
[  0%] Built target nodelet_generate_messages_cpp
[35m[1mScanning dependencies of target bond_generate_messages_py[0m
[  0%] Built target bond_generate_messages_py
[35m[1mScanning dependencies of target geometry_msgs_generate_messages_cpp[0m
[  0%] Built target geometry_msgs_generate_messages_cpp
[35m[1mScanning dependencies of target actionlib_generate_messages_lisp[0m
[  0%] Built target actionlib_generate_messages_lisp
[35m[1mScanning dependencies of target nodelet_generate_messages_eus[0m
[  0%] Built target nodelet_generate_messages_eus
[35m[1mScanning dependencies of target diagnostic_msgs_generate_messages_py[0m
[  0%] Built target diagnostic_msgs_generate_messages_py
[35m[1mScanning dependencies of target nodelet_generate_messages_nodejs[0m
[  0%] Built target nodelet_generate_messages_nodejs
[35m[1mScanning dependencies of target bond_generate_messages_cpp[0m
[  0%] Built target bond_generate_messages_cpp
[35m[1mScanning dependencies of target actionlib_msgs_generate_messages_cpp[0m
[  0%] Built target actionlib_msgs_generate_messages_cpp
[35m[1mScanning dependencies of target tf_generate_messages_eus[0m
[  0%] Built target tf_generate_messages_eus
[35m[1mScanning dependencies of target bond_generate_messages_nodejs[0m
[  0%] Built target bond_generate_messages_nodejs
[35m[1mScanning dependencies of target tf_generate_messages_lisp[0m
[  0%] Built target tf_generate_messages_lisp
[35m[1mScanning dependencies of target tf_generate_messages_nodejs[0m
[  0%] Built target tf_generate_messages_nodejs
[35m[1mScanning dependencies of target diagnostic_msgs_generate_messages_cpp[0m
[  0%] Built target diagnostic_msgs_generate_messages_cpp
[35m[1mScanning dependencies of target actionlib_generate_messages_eus[0m
[  0%] Built target actionlib_generate_messages_eus
[35m[1mScanning dependencies of target tf_generate_messages_cpp[0m
[  0%] Built target tf_generate_messages_cpp
[35m[1mScanning dependencies of target actionlib_generate_messages_nodejs[0m
[  0%] Built target actionlib_generate_messages_nodejs
[35m[1mScanning dependencies of target tf2_msgs_generate_messages_cpp[0m
[  0%] Built target tf2_msgs_generate_messages_cpp
[35m[1mScanning dependencies of target nav_msgs_generate_messages_eus[0m
[  0%] Built target nav_msgs_generate_messages_eus
[35m[1mScanning dependencies of target tf2_msgs_generate_messages_eus[0m
[  0%] Built target tf2_msgs_generate_messages_eus
[35m[1mScanning dependencies of target actionlib_generate_messages_py[0m
[  0%] Built target actionlib_generate_messages_py
[35m[1mScanning dependencies of target tf2_msgs_generate_messages_py[0m
[  0%] Built target tf2_msgs_generate_messages_py
[35m[1mScanning dependencies of target tf2_msgs_generate_messages_nodejs[0m
[  0%] Built target tf2_msgs_generate_messages_nodejs
[35m[1mScanning dependencies of target dynamic_reconfigure_generate_messages_eus[0m
[  0%] Built target dynamic_reconfigure_generate_messages_eus
[35m[1mScanning dependencies of target diagnostic_msgs_generate_messages_lisp[0m
[  0%] Built target diagnostic_msgs_generate_messages_lisp
[35m[1mScanning dependencies of target dynamic_reconfigure_generate_messages_lisp[0m
[  0%] Built target dynamic_reconfigure_generate_messages_lisp
[35m[1mScanning dependencies of target dynamic_reconfigure_generate_messages_nodejs[0m
[  0%] Built target dynamic_reconfigure_generate_messages_nodejs
[35m[1mScanning dependencies of target dynamic_reconfigure_generate_messages_py[0m
[  0%] Built target dynamic_reconfigure_generate_messages_py
[35m[1mScanning dependencies of target diagnostic_msgs_generate_messages_nodejs[0m
[  0%] Built target diagnostic_msgs_generate_messages_nodejs
[35m[1mScanning dependencies of target nav_msgs_generate_messages_py[0m
[  0%] Built target nav_msgs_generate_messages_py
[35m[1mScanning dependencies of target tf2_msgs_generate_messages_lisp[0m
[  0%] Built target tf2_msgs_generate_messages_lisp
[35m[1mScanning dependencies of target dynamic_reconfigure_gencfg[0m
[  0%] Built target dynamic_reconfigure_gencfg
[35m[1mScanning dependencies of target realsense2_camera_generate_messages_py[0m
[  6%] [34m[1mGenerating Python from MSG realsense2_camera/Extrinsics[0m
[ 12%] [34m[1mGenerating Python from MSG realsense2_camera/IMUInfo[0m
[ 18%] [34m[1mGenerating Python msg __init__.py for realsense2_camera[0m
[ 18%] Built target realsense2_camera_generate_messages_py
[35m[1mScanning dependencies of target realsense2_camera_generate_messages_nodejs[0m
[ 25%] [34m[1mGenerating Javascript code from realsense2_camera/Extrinsics.msg[0m
[ 31%] [34m[1mGenerating Javascript code from realsense2_camera/IMUInfo.msg[0m
[ 31%] Built target realsense2_camera_generate_messages_nodejs
[35m[1mScanning dependencies of target realsense2_camera_generate_messages_lisp[0m
[ 37%] [34m[1mGenerating Lisp code from realsense2_camera/Extrinsics.msg[0m
[ 43%] [34m[1mGenerating Lisp code from realsense2_camera/IMUInfo.msg[0m
[ 43%] Built target realsense2_camera_generate_messages_lisp
[35m[1mScanning dependencies of target realsense2_camera_generate_messages_eus[0m
[ 50%] [34m[1mGenerating EusLisp code from realsense2_camera/Extrinsics.msg[0m
[ 56%] [34m[1mGenerating EusLisp code from realsense2_camera/IMUInfo.msg[0m
[ 62%] [34m[1mGenerating EusLisp manifest code for realsense2_camera[0m
[ 62%] Built target realsense2_camera_generate_messages_eus
[35m[1mScanning dependencies of target realsense2_camera_generate_messages_cpp[0m
[ 68%] [34m[1mGenerating C++ code from realsense2_camera/Extrinsics.msg[0m
[ 75%] [34m[1mGenerating C++ code from realsense2_camera/IMUInfo.msg[0m
[ 75%] Built target realsense2_camera_generate_messages_cpp
[35m[1mScanning dependencies of target realsense2_camera[0m
[ 81%] [32mBuilding CXX object CMakeFiles/realsense2_camera.dir/src/realsense_node_factory.cpp.o[0m
[ 87%] [32mBuilding CXX object CMakeFiles/realsense2_camera.dir/src/base_realsense_node.cpp.o[0m
[ 93%] [32mBuilding CXX object CMakeFiles/realsense2_camera.dir/src/t265_realsense_node.cpp.o[0m
[01m[K/home/nvidia/projects/rosproject/src/realsense-ros/realsense2_camera/src/base_realsense_node.cpp:[m[K In member function ‘[01m[Kvoid realsense2_camera::BaseRealSenseNode::publishPointCloud(rs2::points, const ros::Time&, const rs2::frameset&)[m[K’:
[01m[K/home/nvidia/projects/rosproject/src/realsense-ros/realsense2_camera/src/base_realsense_node.cpp:1969:29:[m[K [01;31m[Kerror: [m[K‘[01m[Kfind_if[m[K’ was not declared in this scope
         texture_frame_itr = [01;31m[Kfind_if[m[K(frameset.begin(), frameset.end(), [&texture_source_id, &available_formats] (rs2::frame f)
                             [01;31m[K^~~~~~~[m[K
[01m[K/home/nvidia/projects/rosproject/src/realsense-ros/realsense2_camera/src/base_realsense_node.cpp:1969:29:[m[K [01;36m[Knote: [m[Ksuggested alternatives:
In file included from [01m[K/usr/include/c++/7/algorithm:62:0[m[K,
                 from [01m[K/usr/include/boost/smart_ptr/shared_ptr.hpp:39[m[K,
                 from [01m[K/usr/include/boost/shared_ptr.hpp:17[m[K,
                 from [01m[K/opt/ros/melodic/include/class_loader/class_loader.hpp:36[m[K,
                 from [01m[K/opt/ros/melodic/include/pluginlib/./class_list_macros.hpp:40[m[K,
                 from [01m[K/opt/ros/melodic/include/pluginlib/class_list_macros.h:35[m[K,
                 from [01m[K/home/nvidia/projects/rosproject/src/realsense-ros/realsense2_camera/src/../include/../include/realsense_node_factory.h:6[m[K,
                 from [01m[K/home/nvidia/projects/rosproject/src/realsense-ros/realsense2_camera/src/../include/base_realsense_node.h:6[m[K,
                 from [01m[K/home/nvidia/projects/rosproject/src/realsense-ros/realsense2_camera/src/base_realsense_node.cpp:1[m[K:
[01m[K/usr/include/c++/7/bits/stl_algo.h:3923:5:[m[K [01;36m[Knote: [m[K  ‘[01m[Kstd::find_if[m[K’
     [01;36m[Kfind_if[m[K(_InputIterator __first, _InputIterator __last,
     [01;36m[K^~~~~~~[m[K
In file included from [01m[K/usr/include/boost/mpl/find.hpp:17:0[m[K,
                 from [01m[K/usr/include/boost/mpl/aux_/contains_impl.hpp:20[m[K,
                 from [01m[K/usr/include/boost/mpl/contains.hpp:20[m[K,
                 from [01m[K/usr/include/boost/math/policies/policy.hpp:10[m[K,
                 from [01m[K/usr/include/boost/math/policies/error_handling.hpp:21[m[K,
                 from [01m[K/usr/include/boost/math/special_functions/round.hpp:14[m[K,
                 from [01m[K/opt/ros/melodic/include/ros/time.h:58[m[K,
                 from [01m[K/opt/ros/melodic/include/ros/console.h:39[m[K,
                 from [01m[K/opt/ros/melodic/include/nodelet/nodelet.h:39[m[K,
                 from [01m[K/home/nvidia/projects/rosproject/src/realsense-ros/realsense2_camera/src/../include/../include/realsense_node_factory.h:7[m[K,
                 from [01m[K/home/nvidia/projects/rosproject/src/realsense-ros/realsense2_camera/src/../include/base_realsense_node.h:6[m[K,
                 from [01m[K/home/nvidia/projects/rosproject/src/realsense-ros/realsense2_camera/src/base_realsense_node.cpp:1[m[K:
[01m[K/usr/include/boost/mpl/find_if.hpp:32:8:[m[K [01;36m[Knote: [m[K  ‘[01m[Kboost::mpl::find_if[m[K’
 struct [01;36m[Kfind_if[m[K
        [01;36m[K^~~~~~~[m[K
[35m[1mScanning dependencies of target realsense2_camera_generate_messages[0m
[ 93%] Built target realsense2_camera_generate_messages
CMakeFiles/realsense2_camera.dir/build.make:86: recipe for target 'CMakeFiles/realsense2_camera.dir/src/base_realsense_node.cpp.o' failed
make[2]: *** [CMakeFiles/realsense2_camera.dir/src/base_realsense_node.cpp.o] Error 1
CMakeFiles/Makefile2:139: recipe for target 'CMakeFiles/realsense2_camera.dir/all' failed
Makefile:140: recipe for target 'all' failed
make[1]: *** [CMakeFiles/realsense2_camera.dir/all] Error 2
make: *** [all] Error 2
