[01m[K/home/nvidia/projects/rosproject/src/realsense-ros/realsense2_camera/src/base_realsense_node.cpp:[m[K In member function ‘[01m[Kvoid realsense2_camera::BaseRealSenseNode::publishPointCloud(rs2::points, const ros::Time&, const rs2::frameset&)[m[K’:
[01m[K/home/nvidia/projects/rosproject/src/realsense-ros/realsense2_camera/src/base_realsense_node.cpp:1969:29:[m[K [01;31m[Kerror: [m[K‘[01m[Kfind_if[m[K’ was not declared in this scope
         texture_frame_itr = [01;31m[Kfind_if[m[K(frameset.begin(), frameset.end(), [&texture_source_id, &available_formats] (rs2::frame f)
                             [01;31m[K^~~~~~~[m[K
[01m[K/home/nvidia/projects/rosproject/src/realsense-ros/realsense2_camera/src/base_realsense_node.cpp:1969:29:[m[K [01;36m[Knote: [m[Ksuggested alternatives:
In file included from [01m[K/usr/include/c++/7/algorithm:62:0[m[K,
                 from [01m[K/usr/include/boost/smart_ptr/shared_ptr.hpp:39[m[K,
                 from [01m[K/usr/include/boost/shared_ptr.hpp:17[m[K,
                 from [01m[K/opt/ros/melodic/include/class_loader/class_loader.hpp:36[m[K,
                 from [01m[K/opt/ros/melodic/include/pluginlib/./class_list_macros.hpp:40[m[K,
                 from [01m[K/opt/ros/melodic/include/pluginlib/class_list_macros.h:35[m[K,
                 from [01m[K/home/nvidia/projects/rosproject/src/realsense-ros/realsense2_camera/src/../include/../include/realsense_node_factory.h:6[m[K,
                 from [01m[K/home/nvidia/projects/rosproject/src/realsense-ros/realsense2_camera/src/../include/base_realsense_node.h:6[m[K,
                 from [01m[K/home/nvidia/projects/rosproject/src/realsense-ros/realsense2_camera/src/base_realsense_node.cpp:1[m[K:
[01m[K/usr/include/c++/7/bits/stl_algo.h:3923:5:[m[K [01;36m[Knote: [m[K  ‘[01m[Kstd::find_if[m[K’
     [01;36m[Kfind_if[m[K(_InputIterator __first, _InputIterator __last,
     [01;36m[K^~~~~~~[m[K
In file included from [01m[K/usr/include/boost/mpl/find.hpp:17:0[m[K,
                 from [01m[K/usr/include/boost/mpl/aux_/contains_impl.hpp:20[m[K,
                 from [01m[K/usr/include/boost/mpl/contains.hpp:20[m[K,
                 from [01m[K/usr/include/boost/math/policies/policy.hpp:10[m[K,
                 from [01m[K/usr/include/boost/math/policies/error_handling.hpp:21[m[K,
                 from [01m[K/usr/include/boost/math/special_functions/round.hpp:14[m[K,
                 from [01m[K/opt/ros/melodic/include/ros/time.h:58[m[K,
                 from [01m[K/opt/ros/melodic/include/ros/console.h:39[m[K,
                 from [01m[K/opt/ros/melodic/include/nodelet/nodelet.h:39[m[K,
                 from [01m[K/home/nvidia/projects/rosproject/src/realsense-ros/realsense2_camera/src/../include/../include/realsense_node_factory.h:7[m[K,
                 from [01m[K/home/nvidia/projects/rosproject/src/realsense-ros/realsense2_camera/src/../include/base_realsense_node.h:6[m[K,
                 from [01m[K/home/nvidia/projects/rosproject/src/realsense-ros/realsense2_camera/src/base_realsense_node.cpp:1[m[K:
[01m[K/usr/include/boost/mpl/find_if.hpp:32:8:[m[K [01;36m[Knote: [m[K  ‘[01m[Kboost::mpl::find_if[m[K’
 struct [01;36m[Kfind_if[m[K
        [01;36m[K^~~~~~~[m[K
make[2]: *** [CMakeFiles/realsense2_camera.dir/src/base_realsense_node.cpp.o] Error 1
make[1]: *** [CMakeFiles/realsense2_camera.dir/all] Error 2
make: *** [all] Error 2
