Symlinking /home/nvidia/projects/rosproject/devel/lib/python2.7/dist-packages/first/__init__.py
Symlinking /home/nvidia/projects/rosproject/devel/lib/python2.7/dist-packages/first/msg/__init__.py
Symlinking /home/nvidia/projects/rosproject/devel/lib/python2.7/dist-packages/first/msg/_Num.py
Symlinking /home/nvidia/projects/rosproject/devel/lib/python2.7/dist-packages/first/srv/_AddTwoInts.py
Symlinking /home/nvidia/projects/rosproject/devel/lib/python2.7/dist-packages/first/srv/__init__.py
Symlinking /home/nvidia/projects/rosproject/devel/lib/pkgconfig/first.pc
Symlinking /home/nvidia/projects/rosproject/devel/share/gennodejs/ros/first/_index.js
Symlinking /home/nvidia/projects/rosproject/devel/share/gennodejs/ros/first/msg/_index.js
Symlinking /home/nvidia/projects/rosproject/devel/share/gennodejs/ros/first/msg/Num.js
Symlinking /home/nvidia/projects/rosproject/devel/share/gennodejs/ros/first/srv/AddTwoInts.js
Symlinking /home/nvidia/projects/rosproject/devel/share/gennodejs/ros/first/srv/_index.js
Symlinking /home/nvidia/projects/rosproject/devel/share/first/cmake/first-msg-extras.cmake
Symlinking /home/nvidia/projects/rosproject/devel/share/first/cmake/first-msg-paths.cmake
Symlinking /home/nvidia/projects/rosproject/devel/share/first/cmake/firstConfig.cmake
Symlinking /home/nvidia/projects/rosproject/devel/share/first/cmake/firstConfig-version.cmake
Symlinking /home/nvidia/projects/rosproject/devel/share/roseus/ros/first/manifest.l
Symlinking /home/nvidia/projects/rosproject/devel/share/roseus/ros/first/msg/Num.l
Symlinking /home/nvidia/projects/rosproject/devel/share/roseus/ros/first/srv/AddTwoInts.l
Symlinking /home/nvidia/projects/rosproject/devel/share/common-lisp/ros/first/msg/_package_Num.lisp
Symlinking /home/nvidia/projects/rosproject/devel/share/common-lisp/ros/first/msg/Num.lisp
Symlinking /home/nvidia/projects/rosproject/devel/share/common-lisp/ros/first/msg/first-msg.asd
Symlinking /home/nvidia/projects/rosproject/devel/share/common-lisp/ros/first/msg/_package.lisp
Symlinking /home/nvidia/projects/rosproject/devel/share/common-lisp/ros/first/srv/_package_AddTwoInts.lisp
Symlinking /home/nvidia/projects/rosproject/devel/share/common-lisp/ros/first/srv/first-srv.asd
Symlinking /home/nvidia/projects/rosproject/devel/share/common-lisp/ros/first/srv/AddTwoInts.lisp
Symlinking /home/nvidia/projects/rosproject/devel/share/common-lisp/ros/first/srv/_package.lisp
Symlinking /home/nvidia/projects/rosproject/devel/include/first/AddTwoInts.h
Symlinking /home/nvidia/projects/rosproject/devel/include/first/AddTwoIntsRequest.h
Symlinking /home/nvidia/projects/rosproject/devel/include/first/AddTwoIntsResponse.h
Symlinking /home/nvidia/projects/rosproject/devel/include/first/Num.h
