Symlinking /home/nvidia/projects/rosproject/devel/lib/python2.7/dist-packages/motor/__init__.py
Symlinking /home/nvidia/projects/rosproject/devel/lib/python2.7/dist-packages/motor/msg/__init__.py
Symlinking /home/nvidia/projects/rosproject/devel/lib/python2.7/dist-packages/motor/msg/_SentMessage.py
Symlinking /home/nvidia/projects/rosproject/devel/lib/python2.7/dist-packages/motor/srv/__init__.py
Symlinking /home/nvidia/projects/rosproject/devel/lib/python2.7/dist-packages/motor/srv/_RandomNumber.py
Symlinking /home/nvidia/projects/rosproject/devel/lib/pkgconfig/motor.pc
Symlinking /home/nvidia/projects/rosproject/devel/share/gennodejs/ros/motor/_index.js
Symlinking /home/nvidia/projects/rosproject/devel/share/gennodejs/ros/motor/msg/SentMessage.js
Symlinking /home/nvidia/projects/rosproject/devel/share/gennodejs/ros/motor/msg/_index.js
Symlinking /home/nvidia/projects/rosproject/devel/share/gennodejs/ros/motor/srv/RandomNumber.js
Symlinking /home/nvidia/projects/rosproject/devel/share/gennodejs/ros/motor/srv/_index.js
Symlinking /home/nvidia/projects/rosproject/devel/share/roseus/ros/motor/manifest.l
Symlinking /home/nvidia/projects/rosproject/devel/share/roseus/ros/motor/msg/SentMessage.l
Symlinking /home/nvidia/projects/rosproject/devel/share/roseus/ros/motor/srv/RandomNumber.l
Symlinking /home/nvidia/projects/rosproject/devel/share/common-lisp/ros/motor/msg/SentMessage.lisp
Symlinking /home/nvidia/projects/rosproject/devel/share/common-lisp/ros/motor/msg/motor-msg.asd
Symlinking /home/nvidia/projects/rosproject/devel/share/common-lisp/ros/motor/msg/_package_SentMessage.lisp
Symlinking /home/nvidia/projects/rosproject/devel/share/common-lisp/ros/motor/msg/_package.lisp
Symlinking /home/nvidia/projects/rosproject/devel/share/common-lisp/ros/motor/srv/_package_RandomNumber.lisp
Symlinking /home/nvidia/projects/rosproject/devel/share/common-lisp/ros/motor/srv/motor-srv.asd
Symlinking /home/nvidia/projects/rosproject/devel/share/common-lisp/ros/motor/srv/RandomNumber.lisp
Symlinking /home/nvidia/projects/rosproject/devel/share/common-lisp/ros/motor/srv/_package.lisp
Symlinking /home/nvidia/projects/rosproject/devel/share/motor/cmake/motorConfig-version.cmake
Symlinking /home/nvidia/projects/rosproject/devel/share/motor/cmake/motor-msg-extras.cmake
Symlinking /home/nvidia/projects/rosproject/devel/share/motor/cmake/motorConfig.cmake
Symlinking /home/nvidia/projects/rosproject/devel/share/motor/cmake/motor-msg-paths.cmake
Symlinking /home/nvidia/projects/rosproject/devel/include/motor/RandomNumberRequest.h
Symlinking /home/nvidia/projects/rosproject/devel/include/motor/SentMessage.h
Symlinking /home/nvidia/projects/rosproject/devel/include/motor/RandomNumber.h
Symlinking /home/nvidia/projects/rosproject/devel/include/motor/RandomNumberResponse.h
