[35m[1mScanning dependencies of target _motor_generate_messages_check_deps_SentMessage[0m
[  0%] Built target _motor_generate_messages_check_deps_SentMessage
[35m[1mScanning dependencies of target std_msgs_generate_messages_eus[0m
[  0%] Built target std_msgs_generate_messages_eus
[35m[1mScanning dependencies of target _motor_generate_messages_check_deps_RandomNumber[0m
[  0%] Built target _motor_generate_messages_check_deps_RandomNumber
[35m[1mScanning dependencies of target std_msgs_generate_messages_nodejs[0m
[  0%] Built target std_msgs_generate_messages_nodejs
[35m[1mScanning dependencies of target std_msgs_generate_messages_py[0m
[  0%] Built target std_msgs_generate_messages_py
[35m[1mScanning dependencies of target std_msgs_generate_messages_lisp[0m
[  0%] Built target std_msgs_generate_messages_lisp
[35m[1mScanning dependencies of target std_msgs_generate_messages_cpp[0m
[  0%] Built target std_msgs_generate_messages_cpp
[35m[1mScanning dependencies of target motor_generate_messages_eus[0m
[  7%] [34m[1mGenerating EusLisp code from motor/SentMessage.msg[0m
[ 15%] [34m[1mGenerating EusLisp code from motor/RandomNumber.srv[0m
[ 23%] [34m[1mGenerating EusLisp manifest code for motor[0m
[ 23%] Built target motor_generate_messages_eus
[35m[1mScanning dependencies of target motor_generate_messages_nodejs[0m
[ 30%] [34m[1mGenerating Javascript code from motor/SentMessage.msg[0m
[ 38%] [34m[1mGenerating Javascript code from motor/RandomNumber.srv[0m
[ 38%] Built target motor_generate_messages_nodejs
[35m[1mScanning dependencies of target motor_generate_messages_py[0m
[ 46%] [34m[1mGenerating Python from MSG motor/SentMessage[0m
[ 53%] [34m[1mGenerating Python code from SRV motor/RandomNumber[0m
[ 61%] [34m[1mGenerating Python msg __init__.py for motor[0m
[ 69%] [34m[1mGenerating Python srv __init__.py for motor[0m
[ 69%] Built target motor_generate_messages_py
[35m[1mScanning dependencies of target motor_generate_messages_lisp[0m
[ 76%] [34m[1mGenerating Lisp code from motor/SentMessage.msg[0m
[ 84%] [34m[1mGenerating Lisp code from motor/RandomNumber.srv[0m
[ 84%] Built target motor_generate_messages_lisp
[35m[1mScanning dependencies of target motor_generate_messages_cpp[0m
[ 92%] [34m[1mGenerating C++ code from motor/SentMessage.msg[0m
[100%] [34m[1mGenerating C++ code from motor/RandomNumber.srv[0m
[100%] Built target motor_generate_messages_cpp
[35m[1mScanning dependencies of target motor_generate_messages[0m
[100%] Built target motor_generate_messages
