Symlinking /home/nvidia/projects/rosproject/devel/lib/python2.7/dist-packages/lidar/__init__.py
Symlinking /home/nvidia/projects/rosproject/devel/lib/python2.7/dist-packages/lidar/msg/__init__.py
Symlinking /home/nvidia/projects/rosproject/devel/lib/python2.7/dist-packages/lidar/msg/_SentMessage.py
Symlinking /home/nvidia/projects/rosproject/devel/lib/python2.7/dist-packages/lidar/srv/__init__.py
Symlinking /home/nvidia/projects/rosproject/devel/lib/python2.7/dist-packages/lidar/srv/_RandomNumber.py
Symlinking /home/nvidia/projects/rosproject/devel/lib/pkgconfig/lidar.pc
Symlinking /home/nvidia/projects/rosproject/devel/share/gennodejs/ros/lidar/_index.js
Symlinking /home/nvidia/projects/rosproject/devel/share/gennodejs/ros/lidar/msg/SentMessage.js
Symlinking /home/nvidia/projects/rosproject/devel/share/gennodejs/ros/lidar/msg/_index.js
Symlinking /home/nvidia/projects/rosproject/devel/share/gennodejs/ros/lidar/srv/RandomNumber.js
Symlinking /home/nvidia/projects/rosproject/devel/share/gennodejs/ros/lidar/srv/_index.js
Symlinking /home/nvidia/projects/rosproject/devel/share/roseus/ros/lidar/manifest.l
Symlinking /home/nvidia/projects/rosproject/devel/share/roseus/ros/lidar/msg/SentMessage.l
Symlinking /home/nvidia/projects/rosproject/devel/share/roseus/ros/lidar/srv/RandomNumber.l
Symlinking /home/nvidia/projects/rosproject/devel/share/lidar/cmake/lidar-msg-extras.cmake
Symlinking /home/nvidia/projects/rosproject/devel/share/lidar/cmake/lidarConfig.cmake
Symlinking /home/nvidia/projects/rosproject/devel/share/lidar/cmake/lidarConfig-version.cmake
Symlinking /home/nvidia/projects/rosproject/devel/share/lidar/cmake/lidar-msg-paths.cmake
Symlinking /home/nvidia/projects/rosproject/devel/share/common-lisp/ros/lidar/msg/lidar-msg.asd
Symlinking /home/nvidia/projects/rosproject/devel/share/common-lisp/ros/lidar/msg/SentMessage.lisp
Symlinking /home/nvidia/projects/rosproject/devel/share/common-lisp/ros/lidar/msg/_package_SentMessage.lisp
Symlinking /home/nvidia/projects/rosproject/devel/share/common-lisp/ros/lidar/msg/_package.lisp
Symlinking /home/nvidia/projects/rosproject/devel/share/common-lisp/ros/lidar/srv/_package_RandomNumber.lisp
Symlinking /home/nvidia/projects/rosproject/devel/share/common-lisp/ros/lidar/srv/lidar-srv.asd
Symlinking /home/nvidia/projects/rosproject/devel/share/common-lisp/ros/lidar/srv/RandomNumber.lisp
Symlinking /home/nvidia/projects/rosproject/devel/share/common-lisp/ros/lidar/srv/_package.lisp
Symlinking /home/nvidia/projects/rosproject/devel/include/lidar/RandomNumberRequest.h
Symlinking /home/nvidia/projects/rosproject/devel/include/lidar/SentMessage.h
Symlinking /home/nvidia/projects/rosproject/devel/include/lidar/RandomNumber.h
Symlinking /home/nvidia/projects/rosproject/devel/include/lidar/RandomNumberResponse.h
